###############################################################################
#                                                                             #
#     IAR Assembler V6.30.1.934/W32  for MSP430 01/Apr/2016  20:34:34         #
#     Copyright 1996-2015 IAR Systems AB.                                     #
#                                                                             #
#           Target option =  MSP430X                                          #
#           Source file   =  C:\Users\mka\Documents\GitHub\CF430FR2433-ChipStick\vecs430FR5739.s43#
#           List file     =  C:\Users\mka\Documents\GitHub\CF430FR2433-ChipStick\Debug\List\vecs430FR5739.lst#
#           Object file   =  C:\Users\mka\Documents\GitHub\CF430FR2433-ChipStick\Debug\Obj\vecs430FR5739.r43#
#           Command line  =  C:\Users\mka\Documents\GitHub\CF430FR2433-ChipStick\vecs430FR5739.s43 #
#                            -OC:\Users\mka\Documents\GitHub\CF430FR2433-ChipStick\Debug\Obj\ #
#                            -s+ -M<> -w+                                     #
#                            -LC:\Users\mka\Documents\GitHub\CF430FR2433-ChipStick\Debug\List\ #
#                            -t8 -x -r -D__MSP430FR2033__ -v1                 #
#                            -IC:\Program Files (x86)\IAR Systems\Embedded Workbench 7.2\430\INC\ #
#                                                                             #
###############################################################################

      1    000000              ; Interrupt Vectors - MSP430FR5739  ; M.Kalus 25
                                jul 2011 22:42:50 
      2    000000              
      3    000000              ; ----------------------------------------------
                               ------------------------
      4    000000              ; CamelForth for the Texas Instruments MSP430
                                
      5    000000              ; (c) 2009 Bradford J. Rodriguez.
      6    000000              ; 
      7    000000              ; This program is free software; you can
                                redistribute it and/or modify
      8    000000              ; it under the terms of the GNU General Public
                                License as published by
      9    000000              ; the Free Software Foundation; either version 3
                                of the License, or
     10    000000              ; (at your option) any later version.
     11    000000              ;
     12    000000              ; This program is distributed in the hope that
                                it will be useful,
     13    000000              ; but WITHOUT ANY WARRANTY; without even the
                                implied warranty of
     14    000000              ; MERCHANTABILITY or FITNESS FOR A PARTICULAR
                                PURPOSE.  See the
     15    000000              ; GNU General Public License for more details.
     16    000000              ;
     17    000000              ; You should have received a copy of the GNU
                                General Public License
     18    000000              ; along with this program.  If not, see
                                <http://www.gnu.org/licenses/>.
     19    000000              ;
     20    000000              ; Commercial inquiries should be directed to the
                                author at 
     21    000000              ; 115 First St., #105, Collingwood, Ontario L9Y
                                4W3 Canada
     22    000000              ; or via email to bj@camelforth.com
     23    000000              
     24    000000              ;mk --------------------------------------------
                               --------------------------
     25    000000              ; The interrupt vectors and the power-up start
                                address are located 
     26    000000              ; in the address range 0FFFFh to 0FF80h. The
                                vector contains the 
     27    000000              ; 16-bit address of the appropriate interrupt-ha
                               ndler instruction sequence.
     28    000000              
     29    000000                      RSEG    INTVEC
     30    000000              
     31    000000                      EXTERN nullirq
     32    000000                      EXTERN reset
     33    000000                      PUBLIC intvecs
     34    000000              
     35    000000              ; 16-bit address 
     36    000000 ....         intvecs: DC16 nullirq    ; $FF80  -  reserved
                                                         
     37    000002 ....                  DC16 nullirq    ; $FF82  -  reserved
                                                         
     38    000004 ....                  DC16 nullirq    ; $FF84  -  reserved
                                                         
     39    000006 ....                  DC16 nullirq    ; $FF86  -  reserved
                                                         
     40    000008 ....                  DC16 nullirq    ; $FF88  -  reserved
                                                         
     41    00000A ....                  DC16 nullirq    ; $FF8A  -  reserved
                                                         
     42    00000C ....                  DC16 nullirq    ; $FF8C  -  reserved
                                                         
     43    00000E ....                  DC16 nullirq    ; $FF8E  -  reserved
                                                         
     44    000010 ....                  DC16 nullirq    ; $FF90  -  reserved
                                                         
     45    000012 ....                  DC16 nullirq    ; $FF92  -  reserved
                                                         
     46    000014 ....                  DC16 nullirq    ; $FF94  -  reserved
                                                         
     47    000016 ....                  DC16 nullirq    ; $FF96  -  reserved
                                                         
     48    000018 ....                  DC16 nullirq    ; $FF98  -  reserved
                                                         
     49    00001A ....                  DC16 nullirq    ; $FF9A  -  reserved
                                                         
     50    00001C ....                  DC16 nullirq    ; $FF9C  -  reserved
                                                         
     51    00001E ....                  DC16 nullirq    ; $FF9E  -  reserved
                                                         
     52    000020 ....                  DC16 nullirq    ; $FFA0  -  reserved
                                                         
     53    000022 ....                  DC16 nullirq    ; $FFA2  -  reserved
                                                         
     54    000024 ....                  DC16 nullirq    ; $FFA4  -  reserved
                                                         
     55    000026 ....                  DC16 nullirq    ; $FFA6  -  reserved
                                                         
     56    000028 ....                  DC16 nullirq    ; $FFA8  -  reserved
                                                         
     57    00002A ....                  DC16 nullirq    ; $FFAA  -  reserved
                                                         
     58    00002C ....                  DC16 nullirq    ; $FFAC  -  reserved
                                                         
     59    00002E ....                  DC16 nullirq    ; $FFAE  -  reserved
                                                         
     60    000030 ....                  DC16 nullirq    ; $FFB0  -  reserved
                                                         
     61    000032 ....                  DC16 nullirq    ; $FFB2  -  reserved
                                                         
     62    000034 ....                  DC16 nullirq    ; $FFB4  -  reserved
                                                         
     63    000036 ....                  DC16 nullirq    ; $FFB6  -  reserved
                                                         
     64    000038 ....                  DC16 nullirq    ; $FFB8  -  reserved
                                                         
     65    00003A ....                  DC16 nullirq    ; $FFBA  -  reserved
                                                         
     66    00003C ....                  DC16 nullirq    ; $FFBC  -  reserved
                                                         
     67    00003E ....                  DC16 nullirq    ; $FFBE  -  reserved
                                                         
     68    000040 ....                  DC16 nullirq    ; $FFC0  -  reserved
                                                         
     69    000042 ....                  DC16 nullirq    ; $FFC2  -  reserved
                                                         
     70    000044 ....                  DC16 nullirq    ; $FFC4  -  reserved
                                                         
     71    000046 ....                  DC16 nullirq    ; $FFC6  -  reserved
                                                         
     72    000048 ....                  DC16 nullirq    ; $FFC8  -  reserved
                                                         
     73    00004A ....                  DC16 nullirq    ; $FFCA  -  reserved
                                                         
     74    00004C ....                  DC16 nullirq    ; $FFCC  -  reserved
                                                         
     75    00004E              
     76    00004E ....                  DC16 nullirq    ; $FFCE  -  RTC_B
                                                         
     77    000050 ....                  DC16 nullirq    ; $FFD0  -  I/O Port 4
                                                         
     78    000052 ....                  DC16 nullirq    ; $FFD2  -  I/O Port 3
                                                         
     79    000054 ....                  DC16 nullirq    ; $FFD4  -  TB2_1
                                                         
     80    000056 ....                  DC16 nullirq    ; $FFD6  -  TB2_0
                                                         
     81    000058 ....                  DC16 nullirq    ; $FFD8  -  I/O Port P2
                                                         
     82    00005A ....                  DC16 nullirq    ; $FFDA  -  TB1_1
                                                         
     83    00005C ....                  DC16 nullirq    ; $FFDC  -  TB1_0
                                                         
     84    00005E ....                  DC16 nullirq    ; $FFDE  -  I/O Port P1
                                                         
     85    000060 ....                  DC16 nullirq    ; $FFE0  -  TA1_1
                                                         
     86    000062 ....                  DC16 nullirq    ; $FFE2  -  TA1_0
                                                         
     87    000064 ....                  DC16 nullirq    ; $FFE4  -  DMA
                                                         
     88    000066 ....                  DC16 nullirq    ; $FFE6  -  eUSCI_A1
                                                         rx,tx 
     89    000068 ....                  DC16 nullirq    ; $FFE8  -  TA0_1
                                                         
     90    00006A ....                  DC16 nullirq    ; $FFEA  -  TA0_0
                                                         
     91    00006C ....                  DC16 nullirq    ; $FFEC  -  ADC10_B
                                                         
     92    00006E ....                  DC16 nullirq    ; $FFEE  -  eUSCI_B0
                                                         rx,tx 
     93    000070 ....                  DC16 nullirq    ; $FFF0  -  eUSCI_A0
                                                         rx,tx 
     94    000072 ....                  DC16 nullirq    ; $FFF2  -  Watchdog
                                                         
     95    000074 ....                  DC16 nullirq    ; $FFF4  -  TB0_1
                                                         
     96    000076 ....                  DC16 nullirq    ; $FFF6  -  TB0_0
                                                         
     97    000078 ....                  DC16 nullirq    ; $FFF8  -  Comparator
                                                         D 
     98    00007A ....                  DC16 nullirq    ; $FFFA  -  userNMI
                                                         
     99    00007C ....                  DC16 nullirq    ; $FFFC  -  sysNMI
                                                         
    100    00007E ....                  DC16 reset      ; $FFFE  -  reset
                                                         
    101    000080              
    102    000080                      END



Segment             Type 	Mode
----------------------------------------
INTVEC              UNTYPED  	REL 

Label               Mode   Type                   Segment    Value/Offset
------------------------------------------------------------------------------
intvecs             REL    CONST PUB UNTYP.       INTVEC     0 
nullirq             ABS    CONST EXT [000] UNTYP. __EXTERNS  Solved Extern 
reset               ABS    CONST EXT [001] UNTYP. __EXTERNS  Solved Extern 


##############################
#          CRC:C6B1          #
#        Errors:   0         #
#        Warnings: 0         #
#         Bytes: 128         #
##############################



